proguard/seeds.txt
cn.domob.android.j.a$4
cn.domob.android.j.a$4: android.view.View a
cn.domob.android.j.a$4: cn.domob.android.j.a b
cn.domob.android.j.a$4: a$4(cn.domob.android.j.a,android.view.View)
cn.domob.android.j.a$4: void run()
cn.domob.android.j.a$5
cn.domob.android.j.a$5: cn.domob.android.j.a a
cn.domob.android.j.a$5: a$5(cn.domob.android.j.a)
cn.domob.android.j.a$5: void run()
cn.domob.android.j.a$6
cn.domob.android.j.a$6: cn.domob.android.j.a a
cn.domob.android.j.a$6: a$6(cn.domob.android.j.a)
cn.domob.android.j.a$6: void run()
cn.domob.android.j.a$7
cn.domob.android.j.a$7: cn.domob.android.j.a a
cn.domob.android.j.a$7: a$7(cn.domob.android.j.a)
cn.domob.android.j.a$7: void run()
cn.domob.android.j.a$8
cn.domob.android.j.a$8: cn.domob.android.j.a a
cn.domob.android.j.a$8: a$8(cn.domob.android.j.a)
cn.domob.android.j.a$8: boolean onError(android.media.MediaPlayer,int,int)
cn.domob.android.j.a$9
cn.domob.android.j.a$9: cn.domob.android.j.a a
cn.domob.android.j.a$9: a$9(cn.domob.android.j.a)
cn.domob.android.j.a$9: void onPrepared(android.media.MediaPlayer)
cn.domob.android.j.a$a
cn.domob.android.j.a$a: void a(boolean)
cn.domob.android.j.a$a: void b(java.lang.String)
cn.domob.android.j.a$a: void a(cn.domob.android.j.a)
cn.domob.android.j.a$a: void o()
cn.domob.android.j.a$a: void p()
cn.domob.android.j.a$a: void q()
cn.domob.android.j.a$a: void c(java.lang.String)
cn.domob.android.j.a$b
cn.domob.android.j.a$b: void b()
cn.domob.android.j.a$c
cn.domob.android.j.a$c: void a(long)
cn.domob.android.j.a$c: void n()
cn.domob.android.j.a$c: void b(long)
cn.domob.android.j.a$c: void c(long)
cn.domob.android.j.b
cn.domob.android.j.b: cn.domob.android.i.f k
cn.domob.android.j.b: java.lang.String l
cn.domob.android.j.b: java.lang.String m
cn.domob.android.j.b: java.lang.String n
cn.domob.android.j.b: java.lang.String o
cn.domob.android.j.b: java.lang.String p
cn.domob.android.j.b: java.lang.String q
cn.domob.android.j.b: java.lang.String r
cn.domob.android.j.b: java.lang.String s
cn.domob.android.j.b: java.lang.String t
cn.domob.android.j.b: java.lang.String u
cn.domob.android.j.b: java.lang.String v
cn.domob.android.j.b: java.lang.String w
cn.domob.android.j.b: java.lang.String x
cn.domob.android.j.b: java.lang.String y
cn.domob.android.j.b: java.lang.String z
cn.domob.android.j.b: java.lang.String A
cn.domob.android.j.b: java.lang.String B
cn.domob.android.j.b: java.lang.String C
cn.domob.android.j.b: java.lang.String D
cn.domob.android.j.b: java.lang.String E
cn.domob.android.j.b: java.lang.String F
cn.domob.android.j.b: java.lang.String G
cn.domob.android.j.b: java.lang.String H
cn.domob.android.j.b: java.lang.String I
cn.domob.android.j.b: java.lang.String J
cn.domob.android.j.b: java.lang.String K
cn.domob.android.j.b: java.lang.String L
cn.domob.android.j.b: boolean M
cn.domob.android.j.b: boolean N
cn.domob.android.j.b: boolean O
cn.domob.android.j.b: boolean P
cn.domob.android.j.b: long Q
cn.domob.android.j.b: int R
cn.domob.android.j.b: int S
cn.domob.android.j.b: int T
cn.domob.android.j.b: int[] U
cn.domob.android.j.b: int a
cn.domob.android.j.b: int b