proguard/mapping.txt
net.youmi.android.a.a.a.e -> net.youmi.android.a.a.a.e:
    long a -> a
    long b -> b
    java.lang.String c -> c
    long a() -> a
    void a(long) -> a
    void b(long) -> b
    long b() -> b
    java.lang.String c() -> c
    void a(java.lang.String) -> a
    java.lang.String toString() -> toString
net.youmi.android.a.a.a.f -> net.youmi.android.a.a.a.f:
    boolean a -> a
    boolean b -> b
    boolean c -> c
    boolean d -> d
    boolean e -> e
    boolean f -> f
    int g -> g
    long h -> h
    boolean a(android.content.Context,java.lang.String) -> a
    void a(boolean) -> a
    boolean a() -> a
    void b(boolean) -> b
    boolean b() -> b
    boolean c() -> c
    int d() -> d
    java.lang.String toString() -> toString
net.youmi.android.a.a.a.g -> net.youmi.android.a.a.a.g:
    long b -> b
    java.lang.String c -> c
    java.lang.String d -> d
    java.lang.String e -> e
    java.lang.String f -> f
    int a -> a
    java.lang.String g -> g
    long a() -> a
    void a(long) -> a
    java.lang.String b() -> b
    void a(java.lang.String) -> a
    java.lang.String c() -> c
    void b(java.lang.String) -> b
    java.lang.String d() -> d
    void c(java.lang.String) -> c
    java.lang.String e() -> e
    void d(java.lang.String) -> d
    java.lang.String f() -> f
    void e(java.lang.String) -> e
    java.lang.String toString() -> toString
    int g() -> g
    void a(int) -> a
net.youmi.android.a.a.a.h -> net.youmi.android.a.a.a.h:
    long a -> a
    int b -> b
    long a() -> a
    void a(long) -> a
    int b() -> b
    void a(int) -> a
net.youmi.android.a.a.a.i -> net.youmi.android.a.a.a.i:
    int a -> a
    java.lang.String b -> b
    int c -> c
    java.lang.String a() -> a
    void a(java.lang.String) -> a
    int b() -> b
    void a(int) -> a
    int c() -> c
    void b(int) -> b
net.youmi.android.a.a.a.j -> net.youmi.android.a.a.a.j:
    long a -> a
    java.util.List b -> b
    long a() -> a
    void a(long) -> a
    java.util.List b() -> b
    void a(net.youmi.android.a.a.a.i) -> a
    java.lang.String toString() -> toString
net.youmi.android.a.a.b -> net.youmi.android.a.a.b:
    net.youmi.android.a.a.c a() -> a
    net.youmi.android.a.a.c a(org.json.JSONObject,net.youmi.android.a.a.c) -> a
net.youmi.android.a.a.c -> net.youmi.android.a.a.c:
    org.json.JSONObject a() -> a
    boolean a(org.json.JSONObject) -> a
net.youmi.android.a.a.d -> net.youmi.android.a.a.d:
    net.youmi.android.a.a.d a -> a
    net.youmi.android.a.a.d a(android.content.Context) -> a
    net.youmi.android.a.a.a a(android.content.Context,java.lang.String,net.youmi.android.a.a.b) -> a
    boolean a(android.content.Context,net.youmi.android.a.a.a) -> a
    boolean a(java.lang.String) -> a
net.youmi.android.a.a.e -> net.youmi.android.a.a.e:
    void a(android.content.Context,net.youmi.android.a.h.e,java.util.List) -> a
net.youmi.android.a.b.a -> net.youmi.android.a.b.a:
    net.youmi.android.e.a.g a -> a
    net.youmi.android.e.a.f b -> b
    void a(android.content.Context) -> a
    boolean a(android.content.Context,java.lang.String,java.lang.String,long) -> a
    boolean a(android.content.Context,java.lang.String,boolean,long) -> a
    java.lang.String a(android.content.Context,java.lang.String,java.lang.String) -> a
    boolean a(android.content.Context,java.lang.String,boolean) -> a
net.youmi.android.a.c.a -> net.youmi.android.a.c.a:
    android.webkit.WebViewClient a(net.youmi.android.a.k.a.h) -> a
    int a() -> a
    android.webkit.WebChromeClient a(android.content.Context,net.youmi.android.a.k.a.b) -> a
    void a(android.content.Context,android.webkit.WebSettings) -> a
    void a(android.content.Context) -> a
    void a(android.os.AsyncTask,java.lang.Object[]) -> a
net.youmi.android.a.c.b -> net.youmi.android.a.c.b:
    void a(android.content.Context) -> a
net.youmi.android.a.c.c -> net.youmi.android.a.c.c:
    void a(android.os.AsyncTask,java.lang.Object[]) -> a