proguard/usage.txt
a.a.a.a.a.a:
    public static final boolean a
    public static final int b
    public static final int c
    public static final int d
    public static final int e
    public static final int f
    7:24:public a()
a.a.a.a.a.b:
    private static final int o
    private static final java.lang.String p
    protected static final int b
    protected static final int c
    protected static final long d
    protected static final long e
    protected static final int f
    protected static final int g
    protected static final int h
    protected static final int i
    protected static final int j
    protected static final int k
    protected static final int l
    protected static final int m
    protected static final int n
    private static final java.lang.String s
    private static final java.lang.String t
    private static final java.lang.String u
    private static final java.lang.String v
    private static final java.lang.String w
    private static final java.lang.String x
    private static final java.lang.String y
    private static final java.lang.String z
a.a.a.a.a.b$a
a.a.a.a.a.b$b
a.a.a.a.a.c:
    protected static final java.lang.String a
    protected static final long b
    protected static final int c
    protected static final int d
    57:58:public void d(java.lang.String)
    73:74:public void a(long)
    81:82:public void b(long)
a.a.a.a.a.d:
    private static final java.lang.String g
a.a.a.a.a.f:
    private static final java.lang.String c
    private static final java.lang.String d
    private static final java.lang.String e
    private static final java.lang.String f
    private static final java.lang.String g
    private static final java.lang.String h
    private static final java.lang.String i
    private static final java.lang.String j
a.a.a.a.a.g:
    18:18:public int b()
    27:27:public int c()
com.esotericsoftware.tablelayout.Cell:
    118:119:public com.esotericsoftware.tablelayout.Cell setWidget(java.lang.Object)
    129:129:public boolean hasWidget()
    134:140:public com.esotericsoftware.tablelayout.Cell size(com.esotericsoftware.tablelayout.Value)
    145:151:public com.esotericsoftware.tablelayout.Cell size(com.esotericsoftware.tablelayout.Value,com.esotericsoftware.tablelayout.Value)
    156:157:public com.esotericsoftware.tablelayout.Cell size(float)
    162:163:public com.esotericsoftware.tablelayout.Cell size(float,float)
    168:171:public com.esotericsoftware.tablelayout.Cell width(com.esotericsoftware.tablelayout.Value)
    176:177:public com.esotericsoftware.tablelayout.Cell width(float)
    182:185:public com.esotericsoftware.tablelayout.Cell height(com.esotericsoftware.tablelayout.Value)
    190:191:public com.esotericsoftware.tablelayout.Cell height(float)
    196:198:public com.esotericsoftware.tablelayout.Cell minSize(com.esotericsoftware.tablelayout.Value)
    203:205:public com.esotericsoftware.tablelayout.Cell minSize(com.esotericsoftware.tablelayout.Value,com.esotericsoftware.tablelayout.Value)
    209:210:public com.esotericsoftware.tablelayout.Cell minWidth(com.esotericsoftware.tablelayout.Value)
    214:215:public com.esotericsoftware.tablelayout.Cell minHeight(com.esotericsoftware.tablelayout.Value)
    220:222:public com.esotericsoftware.tablelayout.Cell minSize(float)
com.esotericsoftware.tablelayout.Value:
    172:172:public static com.esotericsoftware.tablelayout.Value percentWidth(float)
    181:181:public static com.esotericsoftware.tablelayout.Value percentHeight(float)
    190:190:public static com.esotericsoftware.tablelayout.Value percentWidth(float,java.lang.Object)
    203:203:public static com.esotericsoftware.tablelayout.Value percentHeight(float,java.lang.Object)
com.esotericsoftware.tablelayout.Value$10
com.esotericsoftware.tablelayout.Value$11
com.esotericsoftware.tablelayout.Value$8
com.esotericsoftware.tablelayout.Value$9
com.esotericsoftware.tablelayout.Value$FixedValue:
    98:99:public void set(float)